ARM GAS  C:\Users\Jonathan\AppData\Local\Temp\cc5HDxlZ.s 			page 1


   1              		.syntax unified
   2              		.cpu cortex-m3
   3              		.fpu softvfp
   4              		.eabi_attribute 20, 1
   5              		.eabi_attribute 21, 1
   6              		.eabi_attribute 23, 3
   7              		.eabi_attribute 24, 1
   8              		.eabi_attribute 25, 1
   9              		.eabi_attribute 26, 1
  10              		.eabi_attribute 30, 6
  11              		.eabi_attribute 34, 1
  12              		.eabi_attribute 18, 4
  13              		.thumb
  14              		.file	"cymetadata.c"
  15              		.text
  16              	.Ltext0:
  17              		.cfi_sections	.debug_frame
  18              		.global	cy_meta_configecc
  19              		.section	.cyconfigecc,"a",%progbits
  20              		.align	2
  21              		.type	cy_meta_configecc, %object
  22              		.size	cy_meta_configecc, 672
  23              	cy_meta_configecc:
  24 0000 01       		.byte	1
  25 0001 52       		.byte	82
  26 0002 00       		.byte	0
  27 0003 40       		.byte	64
  28 0004 01       		.byte	1
  29 0005 65       		.byte	101
  30 0006 00       		.byte	0
  31 0007 40       		.byte	64
  32 0008 12       		.byte	18
  33 0009 18       		.byte	24
  34 000a 01       		.byte	1
  35 000b 40       		.byte	64
  36 000c 35       		.byte	53
  37 000d 19       		.byte	25
  38 000e 01       		.byte	1
  39 000f 40       		.byte	64
  40 0010 5C       		.byte	92
  41 0011 1A       		.byte	26
  42 0012 01       		.byte	1
  43 0013 40       		.byte	64
  44 0014 46       		.byte	70
  45 0015 1B       		.byte	27
  46 0016 01       		.byte	1
  47 0017 40       		.byte	64
  48 0018 02       		.byte	2
  49 0019 4C       		.byte	76
  50 001a 01       		.byte	1
  51 001b 40       		.byte	64
  52 001c 0B       		.byte	11
  53 001d 4D       		.byte	77
  54 001e 01       		.byte	1
  55 001f 40       		.byte	64
  56 0020 02       		.byte	2
  57 0021 50       		.byte	80
ARM GAS  C:\Users\Jonathan\AppData\Local\Temp\cc5HDxlZ.s 			page 2


  58 0022 01       		.byte	1
  59 0023 40       		.byte	64
  60 0024 28       		.byte	40
  61 0025 04       		.byte	4
  62 0026 89       		.byte	-119
  63 0027 0F       		.byte	15
  64 0028 08       		.byte	8
  65 0029 48       		.byte	72
  66 002a 0A       		.byte	10
  67 002b 33       		.byte	51
  68 002c 14       		.byte	20
  69 002d 6E       		.byte	110
  70 002e 16       		.byte	22
  71 002f 10       		.byte	16
  72 0030 1A       		.byte	26
  73 0031 01       		.byte	1
  74 0032 1C       		.byte	28
  75 0033 20       		.byte	32
  76 0034 1E       		.byte	30
  77 0035 18       		.byte	24
  78 0036 24       		.byte	36
  79 0037 58       		.byte	88
  80 0038 26       		.byte	38
  81 0039 25       		.byte	37
  82 003a 30       		.byte	48
  83 003b 40       		.byte	64
  84 003c 34       		.byte	52
  85 003d 07       		.byte	7
  86 003e 36       		.byte	54
  87 003f 38       		.byte	56
  88 0040 3A       		.byte	58
  89 0041 80       		.byte	-128
  90 0042 3E       		.byte	62
  91 0043 01       		.byte	1
  92 0044 54       		.byte	84
  93 0045 09       		.byte	9
  94 0046 58       		.byte	88
  95 0047 04       		.byte	4
  96 0048 5B       		.byte	91
  97 0049 04       		.byte	4
  98 004a 5F       		.byte	95
  99 004b 01       		.byte	1
 100 004c 01       		.byte	1
 101 004d 20       		.byte	32
 102 004e 03       		.byte	3
 103 004f 20       		.byte	32
 104 0050 05       		.byte	5
 105 0051 10       		.byte	16
 106 0052 0A       		.byte	10
 107 0053 10       		.byte	16
 108 0054 0E       		.byte	14
 109 0055 1A       		.byte	26
 110 0056 11       		.byte	17
 111 0057 20       		.byte	32
 112 0058 13       		.byte	19
 113 0059 08       		.byte	8
 114 005a 17       		.byte	23
ARM GAS  C:\Users\Jonathan\AppData\Local\Temp\cc5HDxlZ.s 			page 3


 115 005b 04       		.byte	4
 116 005c 19       		.byte	25
 117 005d 20       		.byte	32
 118 005e 1A       		.byte	26
 119 005f 80       		.byte	-128
 120 0060 1D       		.byte	29
 121 0061 40       		.byte	64
 122 0062 1E       		.byte	30
 123 0063 0A       		.byte	10
 124 0064 1F       		.byte	31
 125 0065 01       		.byte	1
 126 0066 20       		.byte	32
 127 0067 01       		.byte	1
 128 0068 21       		.byte	33
 129 0069 02       		.byte	2
 130 006a 22       		.byte	34
 131 006b 18       		.byte	24
 132 006c 23       		.byte	35
 133 006d 08       		.byte	8
 134 006e 29       		.byte	41
 135 006f 01       		.byte	1
 136 0070 2B       		.byte	43
 137 0071 2A       		.byte	42
 138 0072 30       		.byte	48
 139 0073 80       		.byte	-128
 140 0074 31       		.byte	49
 141 0075 02       		.byte	2
 142 0076 32       		.byte	50
 143 0077 10       		.byte	16
 144 0078 33       		.byte	51
 145 0079 04       		.byte	4
 146 007a 39       		.byte	57
 147 007b 65       		.byte	101
 148 007c 40       		.byte	64
 149 007d 09       		.byte	9
 150 007e 43       		.byte	67
 151 007f 08       		.byte	8
 152 0080 48       		.byte	72
 153 0081 01       		.byte	1
 154 0082 49       		.byte	73
 155 0083 19       		.byte	25
 156 0084 4B       		.byte	75
 157 0085 01       		.byte	1
 158 0086 50       		.byte	80
 159 0087 03       		.byte	3
 160 0088 51       		.byte	81
 161 0089 40       		.byte	64
 162 008a 52       		.byte	82
 163 008b A0       		.byte	-96
 164 008c 53       		.byte	83
 165 008d 02       		.byte	2
 166 008e 5C       		.byte	92
 167 008f 01       		.byte	1
 168 0090 5D       		.byte	93
 169 0091 18       		.byte	24
 170 0092 5E       		.byte	94
 171 0093 80       		.byte	-128
ARM GAS  C:\Users\Jonathan\AppData\Local\Temp\cc5HDxlZ.s 			page 4


 172 0094 61       		.byte	97
 173 0095 40       		.byte	64
 174 0096 67       		.byte	103
 175 0097 02       		.byte	2
 176 0098 69       		.byte	105
 177 0099 65       		.byte	101
 178 009a 6A       		.byte	106
 179 009b 02       		.byte	2
 180 009c 6B       		.byte	107
 181 009d 01       		.byte	1
 182 009e 70       		.byte	112
 183 009f 80       		.byte	-128
 184 00a0 8E       		.byte	-114
 185 00a1 04       		.byte	4
 186 00a2 C0       		.byte	-64
 187 00a3 46       		.byte	70
 188 00a4 C2       		.byte	-62
 189 00a5 E4       		.byte	-28
 190 00a6 C4       		.byte	-60
 191 00a7 26       		.byte	38
 192 00a8 CA       		.byte	-54
 193 00a9 0F       		.byte	15
 194 00aa CC       		.byte	-52
 195 00ab 0F       		.byte	15
 196 00ac CE       		.byte	-50
 197 00ad 0F       		.byte	15
 198 00ae D0       		.byte	-48
 199 00af 0E       		.byte	14
 200 00b0 D2       		.byte	-46
 201 00b1 0C       		.byte	12
 202 00b2 D6       		.byte	-42
 203 00b3 F0       		.byte	-16
 204 00b4 D8       		.byte	-40
 205 00b5 18       		.byte	24
 206 00b6 00       		.byte	0
 207 00b7 40       		.byte	64
 208 00b8 03       		.byte	3
 209 00b9 9F       		.byte	-97
 210 00ba 04       		.byte	4
 211 00bb 07       		.byte	7
 212 00bc 05       		.byte	5
 213 00bd C0       		.byte	-64
 214 00be 06       		.byte	6
 215 00bf 18       		.byte	24
 216 00c0 07       		.byte	7
 217 00c1 04       		.byte	4
 218 00c2 08       		.byte	8
 219 00c3 40       		.byte	64
 220 00c4 09       		.byte	9
 221 00c5 C0       		.byte	-64
 222 00c6 0B       		.byte	11
 223 00c7 08       		.byte	8
 224 00c8 0C       		.byte	12
 225 00c9 01       		.byte	1
 226 00ca 0D       		.byte	13
 227 00cb 90       		.byte	-112
 228 00cc 0F       		.byte	15
ARM GAS  C:\Users\Jonathan\AppData\Local\Temp\cc5HDxlZ.s 			page 5


 229 00cd 40       		.byte	64
 230 00ce 10       		.byte	16
 231 00cf 01       		.byte	1
 232 00d0 11       		.byte	17
 233 00d1 C0       		.byte	-64
 234 00d2 13       		.byte	19
 235 00d3 02       		.byte	2
 236 00d4 14       		.byte	20
 237 00d5 22       		.byte	34
 238 00d6 16       		.byte	22
 239 00d7 08       		.byte	8
 240 00d8 17       		.byte	23
 241 00d9 FF       		.byte	-1
 242 00da 18       		.byte	24
 243 00db 04       		.byte	4
 244 00dc 19       		.byte	25
 245 00dd 1F       		.byte	31
 246 00de 1B       		.byte	27
 247 00df 20       		.byte	32
 248 00e0 1C       		.byte	28
 249 00e1 01       		.byte	1
 250 00e2 1D       		.byte	29
 251 00e3 C0       		.byte	-64
 252 00e4 1F       		.byte	31
 253 00e5 01       		.byte	1
 254 00e6 20       		.byte	32
 255 00e7 01       		.byte	1
 256 00e8 21       		.byte	33
 257 00e9 80       		.byte	-128
 258 00ea 24       		.byte	36
 259 00eb 01       		.byte	1
 260 00ec 27       		.byte	39
 261 00ed 60       		.byte	96
 262 00ee 28       		.byte	40
 263 00ef 08       		.byte	8
 264 00f0 29       		.byte	41
 265 00f1 7F       		.byte	127
 266 00f2 2A       		.byte	42
 267 00f3 21       		.byte	33
 268 00f4 2B       		.byte	43
 269 00f5 80       		.byte	-128
 270 00f6 2C       		.byte	44
 271 00f7 10       		.byte	16
 272 00f8 32       		.byte	50
 273 00f9 3F       		.byte	63
 274 00fa 34       		.byte	52
 275 00fb 40       		.byte	64
 276 00fc 37       		.byte	55
 277 00fd FF       		.byte	-1
 278 00fe 38       		.byte	56
 279 00ff 28       		.byte	40
 280 0100 3E       		.byte	62
 281 0101 04       		.byte	4
 282 0102 3F       		.byte	63
 283 0103 40       		.byte	64
 284 0104 54       		.byte	84
 285 0105 40       		.byte	64
ARM GAS  C:\Users\Jonathan\AppData\Local\Temp\cc5HDxlZ.s 			page 6


 286 0106 58       		.byte	88
 287 0107 04       		.byte	4
 288 0108 59       		.byte	89
 289 0109 04       		.byte	4
 290 010a 5B       		.byte	91
 291 010b 04       		.byte	4
 292 010c 5F       		.byte	95
 293 010d 01       		.byte	1
 294 010e 80       		.byte	-128
 295 010f A4       		.byte	-92
 296 0110 81       		.byte	-127
 297 0111 D6       		.byte	-42
 298 0112 82       		.byte	-126
 299 0113 40       		.byte	64
 300 0114 84       		.byte	-124
 301 0115 91       		.byte	-111
 302 0116 85       		.byte	-123
 303 0117 17       		.byte	23
 304 0118 86       		.byte	-122
 305 0119 4E       		.byte	78
 306 011a 87       		.byte	-121
 307 011b 28       		.byte	40
 308 011c 88       		.byte	-120
 309 011d 71       		.byte	113
 310 011e 89       		.byte	-119
 311 011f D0       		.byte	-48
 312 0120 8A       		.byte	-118
 313 0121 82       		.byte	-126
 314 0122 8B       		.byte	-117
 315 0123 06       		.byte	6
 316 0124 8C       		.byte	-116
 317 0125 2C       		.byte	44
 318 0126 8E       		.byte	-114
 319 0127 40       		.byte	64
 320 0128 91       		.byte	-111
 321 0129 02       		.byte	2
 322 012a 94       		.byte	-108
 323 012b C0       		.byte	-64
 324 012c 95       		.byte	-107
 325 012d 29       		.byte	41
 326 012e 96       		.byte	-106
 327 012f 2F       		.byte	47
 328 0130 97       		.byte	-105
 329 0131 46       		.byte	70
 330 0132 99       		.byte	-103
 331 0133 20       		.byte	32
 332 0134 9B       		.byte	-101
 333 0135 D0       		.byte	-48
 334 0136 9C       		.byte	-100
 335 0137 6C       		.byte	108
 336 0138 9D       		.byte	-99
 337 0139 04       		.byte	4
 338 013a A0       		.byte	-96
 339 013b 6C       		.byte	108
 340 013c A1       		.byte	-95
 341 013d D6       		.byte	-42
 342 013e A4       		.byte	-92
ARM GAS  C:\Users\Jonathan\AppData\Local\Temp\cc5HDxlZ.s 			page 7


 343 013f 64       		.byte	100
 344 0140 A5       		.byte	-91
 345 0141 D2       		.byte	-46
 346 0142 A6       		.byte	-90
 347 0143 08       		.byte	8
 348 0144 A7       		.byte	-89
 349 0145 04       		.byte	4
 350 0146 A8       		.byte	-88
 351 0147 40       		.byte	64
 352 0148 A9       		.byte	-87
 353 0149 21       		.byte	33
 354 014a AA       		.byte	-86
 355 014b 2C       		.byte	44
 356 014c AB       		.byte	-85
 357 014d 8E       		.byte	-114
 358 014e AC       		.byte	-84
 359 014f 08       		.byte	8
 360 0150 AD       		.byte	-83
 361 0151 D6       		.byte	-42
 362 0152 AE       		.byte	-82
 363 0153 10       		.byte	16
 364 0154 B0       		.byte	-80
 365 0155 C0       		.byte	-64
 366 0156 B2       		.byte	-78
 367 0157 31       		.byte	49
 368 0158 B3       		.byte	-77
 369 0159 F0       		.byte	-16
 370 015a B4       		.byte	-76
 371 015b 0F       		.byte	15
 372 015c B5       		.byte	-75
 373 015d 0F       		.byte	15
 374 015e B7       		.byte	-73
 375 015f 08       		.byte	8
 376 0160 B9       		.byte	-71
 377 0161 20       		.byte	32
 378 0162 BA       		.byte	-70
 379 0163 0E       		.byte	14
 380 0164 BB       		.byte	-69
 381 0165 08       		.byte	8
 382 0166 BF       		.byte	-65
 383 0167 40       		.byte	64
 384 0168 D8       		.byte	-40
 385 0169 04       		.byte	4
 386 016a D9       		.byte	-39
 387 016b 04       		.byte	4
 388 016c DF       		.byte	-33
 389 016d 01       		.byte	1
 390 016e 00       		.byte	0
 391 016f 16       		.byte	22
 392 0170 01       		.byte	1
 393 0171 40       		.byte	64
 394 0172 04       		.byte	4
 395 0173 08       		.byte	8
 396 0174 05       		.byte	5
 397 0175 11       		.byte	17
 398 0176 07       		.byte	7
 399 0177 01       		.byte	1
ARM GAS  C:\Users\Jonathan\AppData\Local\Temp\cc5HDxlZ.s 			page 8


 400 0178 09       		.byte	9
 401 0179 02       		.byte	2
 402 017a 0A       		.byte	10
 403 017b 16       		.byte	22
 404 017c 0C       		.byte	12
 405 017d 80       		.byte	-128
 406 017e 0E       		.byte	14
 407 017f 10       		.byte	16
 408 0180 10       		.byte	16
 409 0181 82       		.byte	-126
 410 0182 11       		.byte	17
 411 0183 24       		.byte	36
 412 0184 15       		.byte	21
 413 0185 A5       		.byte	-91
 414 0186 18       		.byte	24
 415 0187 10       		.byte	16
 416 0188 1A       		.byte	26
 417 0189 04       		.byte	4
 418 018a 1B       		.byte	27
 419 018b 10       		.byte	16
 420 018c 1C       		.byte	28
 421 018d 04       		.byte	4
 422 018e 1D       		.byte	29
 423 018f 13       		.byte	19
 424 0190 1E       		.byte	30
 425 0191 10       		.byte	16
 426 0192 1F       		.byte	31
 427 0193 28       		.byte	40
 428 0194 20       		.byte	32
 429 0195 02       		.byte	2
 430 0196 24       		.byte	36
 431 0197 08       		.byte	8
 432 0198 25       		.byte	37
 433 0199 10       		.byte	16
 434 019a 26       		.byte	38
 435 019b 40       		.byte	64
 436 019c 27       		.byte	39
 437 019d 24       		.byte	36
 438 019e 29       		.byte	41
 439 019f 01       		.byte	1
 440 01a0 2B       		.byte	43
 441 01a1 18       		.byte	24
 442 01a2 2C       		.byte	44
 443 01a3 80       		.byte	-128
 444 01a4 2D       		.byte	45
 445 01a5 44       		.byte	68
 446 01a6 2F       		.byte	47
 447 01a7 08       		.byte	8
 448 01a8 30       		.byte	48
 449 01a9 80       		.byte	-128
 450 01aa 31       		.byte	49
 451 01ab 10       		.byte	16
 452 01ac 32       		.byte	50
 453 01ad 01       		.byte	1
 454 01ae 33       		.byte	51
 455 01af 04       		.byte	4
 456 01b0 34       		.byte	52
ARM GAS  C:\Users\Jonathan\AppData\Local\Temp\cc5HDxlZ.s 			page 9


 457 01b1 08       		.byte	8
 458 01b2 35       		.byte	53
 459 01b3 01       		.byte	1
 460 01b4 36       		.byte	54
 461 01b5 80       		.byte	-128
 462 01b6 37       		.byte	55
 463 01b7 24       		.byte	36
 464 01b8 38       		.byte	56
 465 01b9 02       		.byte	2
 466 01ba 39       		.byte	57
 467 01bb 64       		.byte	100
 468 01bc 3B       		.byte	59
 469 01bd 10       		.byte	16
 470 01be 3C       		.byte	60
 471 01bf 04       		.byte	4
 472 01c0 3D       		.byte	61
 473 01c1 01       		.byte	1
 474 01c2 3F       		.byte	63
 475 01c3 10       		.byte	16
 476 01c4 62       		.byte	98
 477 01c5 28       		.byte	40
 478 01c6 63       		.byte	99
 479 01c7 01       		.byte	1
 480 01c8 90       		.byte	-112
 481 01c9 02       		.byte	2
 482 01ca 91       		.byte	-111
 483 01cb E5       		.byte	-27
 484 01cc 92       		.byte	-110
 485 01cd 02       		.byte	2
 486 01ce 93       		.byte	-109
 487 01cf 01       		.byte	1
 488 01d0 96       		.byte	-106
 489 01d1 10       		.byte	16
 490 01d2 9B       		.byte	-101
 491 01d3 01       		.byte	1
 492 01d4 9C       		.byte	-100
 493 01d5 08       		.byte	8
 494 01d6 9D       		.byte	-99
 495 01d7 10       		.byte	16
 496 01d8 9F       		.byte	-97
 497 01d9 04       		.byte	4
 498 01da A0       		.byte	-96
 499 01db 82       		.byte	-126
 500 01dc A2       		.byte	-94
 501 01dd A8       		.byte	-88
 502 01de A5       		.byte	-91
 503 01df 10       		.byte	16
 504 01e0 A6       		.byte	-90
 505 01e1 40       		.byte	64
 506 01e2 A7       		.byte	-89
 507 01e3 28       		.byte	40
 508 01e4 AD       		.byte	-83
 509 01e5 10       		.byte	16
 510 01e6 AE       		.byte	-82
 511 01e7 80       		.byte	-128
 512 01e8 B0       		.byte	-80
 513 01e9 01       		.byte	1
ARM GAS  C:\Users\Jonathan\AppData\Local\Temp\cc5HDxlZ.s 			page 10


 514 01ea B6       		.byte	-74
 515 01eb 40       		.byte	64
 516 01ec C0       		.byte	-64
 517 01ed FF       		.byte	-1
 518 01ee C2       		.byte	-62
 519 01ef AF       		.byte	-81
 520 01f0 C4       		.byte	-60
 521 01f1 FF       		.byte	-1
 522 01f2 CA       		.byte	-54
 523 01f3 F7       		.byte	-9
 524 01f4 CC       		.byte	-52
 525 01f5 FF       		.byte	-1
 526 01f6 CE       		.byte	-50
 527 01f7 EF       		.byte	-17
 528 01f8 D8       		.byte	-40
 529 01f9 0E       		.byte	14
 530 01fa 8F       		.byte	-113
 531 01fb 80       		.byte	-128
 532 01fc E0       		.byte	-32
 533 01fd 02       		.byte	2
 534 01fe 02       		.byte	2
 535 01ff 80       		.byte	-128
 536 0200 53       		.byte	83
 537 0201 08       		.byte	8
 538 0202 57       		.byte	87
 539 0203 80       		.byte	-128
 540 0204 A3       		.byte	-93
 541 0205 88       		.byte	-120
 542 0206 A6       		.byte	-90
 543 0207 80       		.byte	-128
 544 0208 B2       		.byte	-78
 545 0209 80       		.byte	-128
 546 020a B7       		.byte	-73
 547 020b 08       		.byte	8
 548 020c C0       		.byte	-64
 549 020d 08       		.byte	8
 550 020e D4       		.byte	-44
 551 020f 06       		.byte	6
 552 0210 E8       		.byte	-24
 553 0211 08       		.byte	8
 554 0212 EA       		.byte	-22
 555 0213 01       		.byte	1
 556 0214 10       		.byte	16
 557 0215 01       		.byte	1
 558 0216 1C       		.byte	28
 559 0217 01       		.byte	1
 560 0218 00       		.byte	0
 561 0219 03       		.byte	3
 562 021a 00       		.byte	0
 563 021b 00       		.byte	0
 564 021c 09       		.byte	9
 565 021d 03       		.byte	3
 566 021e 10       		.byte	16
 567 021f 00       		.byte	0
 568 0220 37       		.byte	55
 569 0221 03       		.byte	3
 570 0222 00       		.byte	0
ARM GAS  C:\Users\Jonathan\AppData\Local\Temp\cc5HDxlZ.s 			page 11


 571 0223 00       		.byte	0
 572 0224 00       		.byte	0
 573 0225 00       		.byte	0
 574 0226 00       		.byte	0
 575 0227 03       		.byte	3
 576 0228 00       		.byte	0
 577 0229 00       		.byte	0
 578 022a 00       		.byte	0
 579 022b 04       		.byte	4
 580 022c 14       		.byte	20
 581 022d 10       		.byte	16
 582 022e 08       		.byte	8
 583 022f 0C       		.byte	12
 584 0230 00       		.byte	0
 585 0231 00       		.byte	0
 586 0232 00       		.byte	0
 587 0233 30       		.byte	48
 588 0234 00       		.byte	0
 589 0235 03       		.byte	3
 590 0236 00       		.byte	0
 591 0237 00       		.byte	0
 592 0238 00       		.byte	0
 593 0239 00       		.byte	0
 594 023a 00       		.byte	0
 595 023b 01       		.byte	1
 596 023c 00       		.byte	0
 597 023d 04       		.byte	4
 598 023e 07       		.byte	7
 599 023f 08       		.byte	8
 600 0240 08       		.byte	8
 601 0241 20       		.byte	32
 602 0242 22       		.byte	34
 603 0243 0C       		.byte	12
 604 0244 00       		.byte	0
 605 0245 00       		.byte	0
 606 0246 00       		.byte	0
 607 0247 48       		.byte	72
 608 0248 07       		.byte	7
 609 0249 40       		.byte	64
 610 024a 00       		.byte	0
 611 024b 01       		.byte	1
 612 024c 38       		.byte	56
 613 024d 3C       		.byte	60
 614 024e 00       		.byte	0
 615 024f 02       		.byte	2
 616 0250 20       		.byte	32
 617 0251 00       		.byte	0
 618 0252 00       		.byte	0
 619 0253 00       		.byte	0
 620 0254 00       		.byte	0
 621 0255 00       		.byte	0
 622 0256 01       		.byte	1
 623 0257 44       		.byte	68
 624 0258 23       		.byte	35
 625 0259 06       		.byte	6
 626 025a 10       		.byte	16
 627 025b 00       		.byte	0
ARM GAS  C:\Users\Jonathan\AppData\Local\Temp\cc5HDxlZ.s 			page 12


 628 025c 05       		.byte	5
 629 025d DE       		.byte	-34
 630 025e FC       		.byte	-4
 631 025f B0       		.byte	-80
 632 0260 2F       		.byte	47
 633 0261 FF       		.byte	-1
 634 0262 FF       		.byte	-1
 635 0263 FF       		.byte	-1
 636 0264 22       		.byte	34
 637 0265 00       		.byte	0
 638 0266 F0       		.byte	-16
 639 0267 08       		.byte	8
 640 0268 04       		.byte	4
 641 0269 00       		.byte	0
 642 026a 00       		.byte	0
 643 026b 00       		.byte	0
 644 026c 00       		.byte	0
 645 026d 00       		.byte	0
 646 026e 02       		.byte	2
 647 026f 20       		.byte	32
 648 0270 04       		.byte	4
 649 0271 04       		.byte	4
 650 0272 04       		.byte	4
 651 0273 04       		.byte	4
 652 0274 00       		.byte	0
 653 0275 00       		.byte	0
 654 0276 00       		.byte	0
 655 0277 01       		.byte	1
 656 0278 00       		.byte	0
 657 0279 00       		.byte	0
 658 027a C0       		.byte	-64
 659 027b 00       		.byte	0
 660 027c 40       		.byte	64
 661 027d 01       		.byte	1
 662 027e 10       		.byte	16
 663 027f 11       		.byte	17
 664 0280 C0       		.byte	-64
 665 0281 01       		.byte	1
 666 0282 00       		.byte	0
 667 0283 11       		.byte	17
 668 0284 40       		.byte	64
 669 0285 01       		.byte	1
 670 0286 40       		.byte	64
 671 0287 01       		.byte	1
 672 0288 00       		.byte	0
 673 0289 00       		.byte	0
 674 028a 00       		.byte	0
 675 028b 00       		.byte	0
 676 028c 00       		.byte	0
 677 028d 00       		.byte	0
 678 028e 00       		.byte	0
 679 028f 00       		.byte	0
 680 0290 00       		.byte	0
 681 0291 00       		.byte	0
 682 0292 00       		.byte	0
 683 0293 00       		.byte	0
 684 0294 00       		.byte	0
ARM GAS  C:\Users\Jonathan\AppData\Local\Temp\cc5HDxlZ.s 			page 13


 685 0295 00       		.byte	0
 686 0296 00       		.byte	0
 687 0297 00       		.byte	0
 688 0298 01       		.byte	1
 689 0299 0E       		.byte	14
 690 029a 0E       		.byte	14
 691 029b 00       		.byte	0
 692 029c 06       		.byte	6
 693 029d 00       		.byte	0
 694 029e 00       		.byte	0
 695 029f 00       		.byte	0
 696              		.global	cy_meta_custnvl
 697              		.section	.cycustnvl,"a",%progbits
 698              		.align	2
 699              		.type	cy_meta_custnvl, %object
 700              		.size	cy_meta_custnvl, 4
 701              	cy_meta_custnvl:
 702 0000 00       		.byte	0
 703 0001 00       		.byte	0
 704 0002 40       		.byte	64
 705 0003 05       		.byte	5
 706              		.global	cy_meta_wonvl
 707              		.section	.cywolatch,"a",%progbits
 708              		.align	2
 709              		.type	cy_meta_wonvl, %object
 710              		.size	cy_meta_wonvl, 4
 711              	cy_meta_wonvl:
 712 0000 BC       		.byte	-68
 713 0001 90       		.byte	-112
 714 0002 AC       		.byte	-84
 715 0003 AF       		.byte	-81
 716              		.global	cy_meta_flashprotect
 717              		.section	.cyflashprotect,"a",%progbits
 718              		.align	2
 719              		.type	cy_meta_flashprotect, %object
 720              		.size	cy_meta_flashprotect, 256
 721              	cy_meta_flashprotect:
 722 0000 00000000 		.space	256
 722      00000000 
 722      00000000 
 722      00000000 
 722      00000000 
 723              		.global	cy_metadata
 724              		.section	.cymeta,"a",%progbits
 725              		.align	2
 726              		.type	cy_metadata, %object
 727              		.size	cy_metadata, 12
 728              	cy_metadata:
 729 0000 00       		.byte	0
 730 0001 01       		.byte	1
 731 0002 2E       		.byte	46
 732 0003 12       		.byte	18
 733 0004 30       		.byte	48
 734 0005 69       		.byte	105
 735 0006 00       		.byte	0
 736 0007 01       		.byte	1
 737 0008 00       		.byte	0
ARM GAS  C:\Users\Jonathan\AppData\Local\Temp\cc5HDxlZ.s 			page 14


 738 0009 00       		.byte	0
 739 000a 00       		.byte	0
 740 000b 00       		.byte	0
 741              		.text
 742              	.Letext0:
 743              		.file 1 ".\\Generated_Source\\PSoC5\\cymetadata.c"
 744              		.file 2 ".\\Generated_Source\\PSoC5\\cytypes.h"
 745              		.section	.debug_info,"",%progbits
 746              	.Ldebug_info0:
 747 0000 3B010000 		.4byte	0x13b
 748 0004 0200     		.2byte	0x2
 749 0006 00000000 		.4byte	.Ldebug_abbrev0
 750 000a 04       		.byte	0x4
 751 000b 01       		.uleb128 0x1
 752 000c 07010000 		.4byte	.LASF18
 753 0010 01       		.byte	0x1
 754 0011 00000000 		.4byte	.LASF19
 755 0015 65010000 		.4byte	.LASF20
 756 0019 00000000 		.4byte	.Ldebug_line0
 757 001d 02       		.uleb128 0x2
 758 001e 01       		.byte	0x1
 759 001f 06       		.byte	0x6
 760 0020 59010000 		.4byte	.LASF0
 761 0024 02       		.uleb128 0x2
 762 0025 01       		.byte	0x1
 763 0026 08       		.byte	0x8
 764 0027 38000000 		.4byte	.LASF1
 765 002b 02       		.uleb128 0x2
 766 002c 02       		.byte	0x2
 767 002d 05       		.byte	0x5
 768 002e F7000000 		.4byte	.LASF2
 769 0032 02       		.uleb128 0x2
 770 0033 02       		.byte	0x2
 771 0034 07       		.byte	0x7
 772 0035 58000000 		.4byte	.LASF3
 773 0039 02       		.uleb128 0x2
 774 003a 04       		.byte	0x4
 775 003b 05       		.byte	0x5
 776 003c 50010000 		.4byte	.LASF4
 777 0040 02       		.uleb128 0x2
 778 0041 04       		.byte	0x4
 779 0042 07       		.byte	0x7
 780 0043 46000000 		.4byte	.LASF5
 781 0047 02       		.uleb128 0x2
 782 0048 08       		.byte	0x8
 783 0049 05       		.byte	0x5
 784 004a E4000000 		.4byte	.LASF6
 785 004e 02       		.uleb128 0x2
 786 004f 08       		.byte	0x8
 787 0050 07       		.byte	0x7
 788 0051 A1000000 		.4byte	.LASF7
 789 0055 03       		.uleb128 0x3
 790 0056 04       		.byte	0x4
 791 0057 05       		.byte	0x5
 792 0058 696E7400 		.ascii	"int\000"
 793 005c 02       		.uleb128 0x2
 794 005d 04       		.byte	0x4
ARM GAS  C:\Users\Jonathan\AppData\Local\Temp\cc5HDxlZ.s 			page 15


 795 005e 07       		.byte	0x7
 796 005f 94000000 		.4byte	.LASF8
 797 0063 04       		.uleb128 0x4
 798 0064 01010000 		.4byte	.LASF21
 799 0068 02       		.byte	0x2
 800 0069 5B       		.byte	0x5b
 801 006a 24000000 		.4byte	0x24
 802 006e 02       		.uleb128 0x2
 803 006f 04       		.byte	0x4
 804 0070 04       		.byte	0x4
 805 0071 32000000 		.4byte	.LASF9
 806 0075 02       		.uleb128 0x2
 807 0076 08       		.byte	0x8
 808 0077 04       		.byte	0x4
 809 0078 6B000000 		.4byte	.LASF10
 810 007c 02       		.uleb128 0x2
 811 007d 01       		.byte	0x1
 812 007e 08       		.byte	0x8
 813 007f F2000000 		.4byte	.LASF11
 814 0083 05       		.uleb128 0x5
 815 0084 63000000 		.4byte	0x63
 816 0088 94000000 		.4byte	0x94
 817 008c 06       		.uleb128 0x6
 818 008d 94000000 		.4byte	0x94
 819 0091 9F02     		.2byte	0x29f
 820 0093 00       		.byte	0
 821 0094 02       		.uleb128 0x2
 822 0095 04       		.byte	0x4
 823 0096 07       		.byte	0x7
 824 0097 DB000000 		.4byte	.LASF12
 825 009b 07       		.uleb128 0x7
 826 009c 82000000 		.4byte	.LASF13
 827 00a0 01       		.byte	0x1
 828 00a1 1C       		.byte	0x1c
 829 00a2 AD000000 		.4byte	0xad
 830 00a6 01       		.byte	0x1
 831 00a7 05       		.byte	0x5
 832 00a8 03       		.byte	0x3
 833 00a9 00000000 		.4byte	cy_meta_configecc
 834 00ad 08       		.uleb128 0x8
 835 00ae 83000000 		.4byte	0x83
 836 00b2 05       		.uleb128 0x5
 837 00b3 63000000 		.4byte	0x63
 838 00b7 C2000000 		.4byte	0xc2
 839 00bb 09       		.uleb128 0x9
 840 00bc 94000000 		.4byte	0x94
 841 00c0 03       		.byte	0x3
 842 00c1 00       		.byte	0
 843 00c2 07       		.uleb128 0x7
 844 00c3 72000000 		.4byte	.LASF14
 845 00c7 01       		.byte	0x1
 846 00c8 7A       		.byte	0x7a
 847 00c9 D4000000 		.4byte	0xd4
 848 00cd 01       		.byte	0x1
 849 00ce 05       		.byte	0x5
 850 00cf 03       		.byte	0x3
 851 00d0 00000000 		.4byte	cy_meta_custnvl
ARM GAS  C:\Users\Jonathan\AppData\Local\Temp\cc5HDxlZ.s 			page 16


 852 00d4 08       		.uleb128 0x8
 853 00d5 B2000000 		.4byte	0xb2
 854 00d9 07       		.uleb128 0x7
 855 00da CD000000 		.4byte	.LASF15
 856 00de 01       		.byte	0x1
 857 00df 85       		.byte	0x85
 858 00e0 EB000000 		.4byte	0xeb
 859 00e4 01       		.byte	0x1
 860 00e5 05       		.byte	0x5
 861 00e6 03       		.byte	0x3
 862 00e7 00000000 		.4byte	cy_meta_wonvl
 863 00eb 08       		.uleb128 0x8
 864 00ec B2000000 		.4byte	0xb2
 865 00f0 05       		.uleb128 0x5
 866 00f1 63000000 		.4byte	0x63
 867 00f5 00010000 		.4byte	0x100
 868 00f9 09       		.uleb128 0x9
 869 00fa 94000000 		.4byte	0x94
 870 00fe FF       		.byte	0xff
 871 00ff 00       		.byte	0
 872 0100 07       		.uleb128 0x7
 873 0101 B8000000 		.4byte	.LASF16
 874 0105 01       		.byte	0x1
 875 0106 90       		.byte	0x90
 876 0107 12010000 		.4byte	0x112
 877 010b 01       		.byte	0x1
 878 010c 05       		.byte	0x5
 879 010d 03       		.byte	0x3
 880 010e 00000000 		.4byte	cy_meta_flashprotect
 881 0112 08       		.uleb128 0x8
 882 0113 F0000000 		.4byte	0xf0
 883 0117 05       		.uleb128 0x5
 884 0118 63000000 		.4byte	0x63
 885 011c 27010000 		.4byte	0x127
 886 0120 09       		.uleb128 0x9
 887 0121 94000000 		.4byte	0x94
 888 0125 0B       		.byte	0xb
 889 0126 00       		.byte	0
 890 0127 07       		.uleb128 0x7
 891 0128 26000000 		.4byte	.LASF17
 892 012c 01       		.byte	0x1
 893 012d BA       		.byte	0xba
 894 012e 39010000 		.4byte	0x139
 895 0132 01       		.byte	0x1
 896 0133 05       		.byte	0x5
 897 0134 03       		.byte	0x3
 898 0135 00000000 		.4byte	cy_metadata
 899 0139 08       		.uleb128 0x8
 900 013a 17010000 		.4byte	0x117
 901 013e 00       		.byte	0
 902              		.section	.debug_abbrev,"",%progbits
 903              	.Ldebug_abbrev0:
 904 0000 01       		.uleb128 0x1
 905 0001 11       		.uleb128 0x11
 906 0002 01       		.byte	0x1
 907 0003 25       		.uleb128 0x25
 908 0004 0E       		.uleb128 0xe
ARM GAS  C:\Users\Jonathan\AppData\Local\Temp\cc5HDxlZ.s 			page 17


 909 0005 13       		.uleb128 0x13
 910 0006 0B       		.uleb128 0xb
 911 0007 03       		.uleb128 0x3
 912 0008 0E       		.uleb128 0xe
 913 0009 1B       		.uleb128 0x1b
 914 000a 0E       		.uleb128 0xe
 915 000b 10       		.uleb128 0x10
 916 000c 06       		.uleb128 0x6
 917 000d 00       		.byte	0
 918 000e 00       		.byte	0
 919 000f 02       		.uleb128 0x2
 920 0010 24       		.uleb128 0x24
 921 0011 00       		.byte	0
 922 0012 0B       		.uleb128 0xb
 923 0013 0B       		.uleb128 0xb
 924 0014 3E       		.uleb128 0x3e
 925 0015 0B       		.uleb128 0xb
 926 0016 03       		.uleb128 0x3
 927 0017 0E       		.uleb128 0xe
 928 0018 00       		.byte	0
 929 0019 00       		.byte	0
 930 001a 03       		.uleb128 0x3
 931 001b 24       		.uleb128 0x24
 932 001c 00       		.byte	0
 933 001d 0B       		.uleb128 0xb
 934 001e 0B       		.uleb128 0xb
 935 001f 3E       		.uleb128 0x3e
 936 0020 0B       		.uleb128 0xb
 937 0021 03       		.uleb128 0x3
 938 0022 08       		.uleb128 0x8
 939 0023 00       		.byte	0
 940 0024 00       		.byte	0
 941 0025 04       		.uleb128 0x4
 942 0026 16       		.uleb128 0x16
 943 0027 00       		.byte	0
 944 0028 03       		.uleb128 0x3
 945 0029 0E       		.uleb128 0xe
 946 002a 3A       		.uleb128 0x3a
 947 002b 0B       		.uleb128 0xb
 948 002c 3B       		.uleb128 0x3b
 949 002d 0B       		.uleb128 0xb
 950 002e 49       		.uleb128 0x49
 951 002f 13       		.uleb128 0x13
 952 0030 00       		.byte	0
 953 0031 00       		.byte	0
 954 0032 05       		.uleb128 0x5
 955 0033 01       		.uleb128 0x1
 956 0034 01       		.byte	0x1
 957 0035 49       		.uleb128 0x49
 958 0036 13       		.uleb128 0x13
 959 0037 01       		.uleb128 0x1
 960 0038 13       		.uleb128 0x13
 961 0039 00       		.byte	0
 962 003a 00       		.byte	0
 963 003b 06       		.uleb128 0x6
 964 003c 21       		.uleb128 0x21
 965 003d 00       		.byte	0
ARM GAS  C:\Users\Jonathan\AppData\Local\Temp\cc5HDxlZ.s 			page 18


 966 003e 49       		.uleb128 0x49
 967 003f 13       		.uleb128 0x13
 968 0040 2F       		.uleb128 0x2f
 969 0041 05       		.uleb128 0x5
 970 0042 00       		.byte	0
 971 0043 00       		.byte	0
 972 0044 07       		.uleb128 0x7
 973 0045 34       		.uleb128 0x34
 974 0046 00       		.byte	0
 975 0047 03       		.uleb128 0x3
 976 0048 0E       		.uleb128 0xe
 977 0049 3A       		.uleb128 0x3a
 978 004a 0B       		.uleb128 0xb
 979 004b 3B       		.uleb128 0x3b
 980 004c 0B       		.uleb128 0xb
 981 004d 49       		.uleb128 0x49
 982 004e 13       		.uleb128 0x13
 983 004f 3F       		.uleb128 0x3f
 984 0050 0C       		.uleb128 0xc
 985 0051 02       		.uleb128 0x2
 986 0052 0A       		.uleb128 0xa
 987 0053 00       		.byte	0
 988 0054 00       		.byte	0
 989 0055 08       		.uleb128 0x8
 990 0056 26       		.uleb128 0x26
 991 0057 00       		.byte	0
 992 0058 49       		.uleb128 0x49
 993 0059 13       		.uleb128 0x13
 994 005a 00       		.byte	0
 995 005b 00       		.byte	0
 996 005c 09       		.uleb128 0x9
 997 005d 21       		.uleb128 0x21
 998 005e 00       		.byte	0
 999 005f 49       		.uleb128 0x49
 1000 0060 13       		.uleb128 0x13
 1001 0061 2F       		.uleb128 0x2f
 1002 0062 0B       		.uleb128 0xb
 1003 0063 00       		.byte	0
 1004 0064 00       		.byte	0
 1005 0065 00       		.byte	0
 1006              		.section	.debug_aranges,"",%progbits
 1007 0000 14000000 		.4byte	0x14
 1008 0004 0200     		.2byte	0x2
 1009 0006 00000000 		.4byte	.Ldebug_info0
 1010 000a 04       		.byte	0x4
 1011 000b 00       		.byte	0
 1012 000c 0000     		.2byte	0
 1013 000e 0000     		.2byte	0
 1014 0010 00000000 		.4byte	0
 1015 0014 00000000 		.4byte	0
 1016              		.section	.debug_line,"",%progbits
 1017              	.Ldebug_line0:
 1018 0000 4F000000 		.section	.debug_str,"MS",%progbits,1
 1018      02004900 
 1018      00000201 
 1018      FB0E0D00 
 1018      01010101 
ARM GAS  C:\Users\Jonathan\AppData\Local\Temp\cc5HDxlZ.s 			page 19


 1019              	.LASF19:
 1020 0000 2E5C4765 		.ascii	".\\Generated_Source\\PSoC5\\cymetadata.c\000"
 1020      6E657261 
 1020      7465645F 
 1020      536F7572 
 1020      63655C50 
 1021              	.LASF17:
 1022 0026 63795F6D 		.ascii	"cy_metadata\000"
 1022      65746164 
 1022      61746100 
 1023              	.LASF9:
 1024 0032 666C6F61 		.ascii	"float\000"
 1024      7400
 1025              	.LASF1:
 1026 0038 756E7369 		.ascii	"unsigned char\000"
 1026      676E6564 
 1026      20636861 
 1026      7200
 1027              	.LASF5:
 1028 0046 6C6F6E67 		.ascii	"long unsigned int\000"
 1028      20756E73 
 1028      69676E65 
 1028      6420696E 
 1028      7400
 1029              	.LASF3:
 1030 0058 73686F72 		.ascii	"short unsigned int\000"
 1030      7420756E 
 1030      7369676E 
 1030      65642069 
 1030      6E7400
 1031              	.LASF10:
 1032 006b 646F7562 		.ascii	"double\000"
 1032      6C6500
 1033              	.LASF14:
 1034 0072 63795F6D 		.ascii	"cy_meta_custnvl\000"
 1034      6574615F 
 1034      63757374 
 1034      6E766C00 
 1035              	.LASF13:
 1036 0082 63795F6D 		.ascii	"cy_meta_configecc\000"
 1036      6574615F 
 1036      636F6E66 
 1036      69676563 
 1036      6300
 1037              	.LASF8:
 1038 0094 756E7369 		.ascii	"unsigned int\000"
 1038      676E6564 
 1038      20696E74 
 1038      00
 1039              	.LASF7:
 1040 00a1 6C6F6E67 		.ascii	"long long unsigned int\000"
 1040      206C6F6E 
 1040      6720756E 
 1040      7369676E 
 1040      65642069 
 1041              	.LASF16:
 1042 00b8 63795F6D 		.ascii	"cy_meta_flashprotect\000"
ARM GAS  C:\Users\Jonathan\AppData\Local\Temp\cc5HDxlZ.s 			page 20


 1042      6574615F 
 1042      666C6173 
 1042      6870726F 
 1042      74656374 
 1043              	.LASF15:
 1044 00cd 63795F6D 		.ascii	"cy_meta_wonvl\000"
 1044      6574615F 
 1044      776F6E76 
 1044      6C00
 1045              	.LASF12:
 1046 00db 73697A65 		.ascii	"sizetype\000"
 1046      74797065 
 1046      00
 1047              	.LASF6:
 1048 00e4 6C6F6E67 		.ascii	"long long int\000"
 1048      206C6F6E 
 1048      6720696E 
 1048      7400
 1049              	.LASF11:
 1050 00f2 63686172 		.ascii	"char\000"
 1050      00
 1051              	.LASF2:
 1052 00f7 73686F72 		.ascii	"short int\000"
 1052      7420696E 
 1052      7400
 1053              	.LASF21:
 1054 0101 75696E74 		.ascii	"uint8\000"
 1054      3800
 1055              	.LASF18:
 1056 0107 474E5520 		.ascii	"GNU C 4.7.3 20130312 (release) [ARM/embedded-4_7-br"
 1056      4320342E 
 1056      372E3320 
 1056      32303133 
 1056      30333132 
 1057 013a 616E6368 		.ascii	"anch revision 196615]\000"
 1057      20726576 
 1057      6973696F 
 1057      6E203139 
 1057      36363135 
 1058              	.LASF4:
 1059 0150 6C6F6E67 		.ascii	"long int\000"
 1059      20696E74 
 1059      00
 1060              	.LASF0:
 1061 0159 7369676E 		.ascii	"signed char\000"
 1061      65642063 
 1061      68617200 
 1062              	.LASF20:
 1063 0165 433A5C55 		.ascii	"C:\\Users\\Jonathan\\Documents\\PSoC Creator\\Node-"
 1063      73657273 
 1063      5C4A6F6E 
 1063      61746861 
 1063      6E5C446F 
 1064 0193 42656176 		.ascii	"Beaver\\src\\Node-Beaver\\Node-Beaver.cydsn\000"
 1064      65725C73 
 1064      72635C4E 
 1064      6F64652D 
ARM GAS  C:\Users\Jonathan\AppData\Local\Temp\cc5HDxlZ.s 			page 21


 1064      42656176 
 1065              		.ident	"GCC: (GNU Tools for ARM Embedded Processors) 4.7.3 20130312 (release) [ARM/embedded-4_7-br
